outputs/logs/manifest-merger-debug-report.txt
-- Merging decision tree log ---
manifest
ADDED from src\main\AndroidManifest.xml:2:1-60:12
INJECTED from src\main\AndroidManifest.xml:2:1-60:12
INJECTED from src\main\AndroidManifest.xml:2:1-60:12
INJECTED from src\main\AndroidManifest.xml:2:1-60:12
MERGED from [circle.programmablewallet:sdk:1.0.873] AndroidManifest.xml:2:1-24:12
MERGED from [androidx.databinding:viewbinding:8.0.2] AndroidManifest.xml:2:1-7:12
MERGED from [androidx.navigation:navigation-fragment-ktx:2.5.2] AndroidManifest.xml:17:1-24:12
MERGED from [androidx.navigation:navigation-fragment:2.5.2] AndroidManifest.xml:17:1-24:12
MERGED from [androidx.navigation:navigation-ui-ktx:2.5.2] AndroidManifest.xml:17:1-24:12
MERGED from [androidx.navigation:navigation-ui:2.5.2] AndroidManifest.xml:17:1-24:12
MERGED from [com.google.android.material:material:1.5.0] AndroidManifest.xml:17:1-24:12
MERGED from [androidx.constraintlayout:constraintlayout:2.1.4] AndroidManifest.xml:2:1-11:12
MERGED from [androidx.biometric:biometric:1.1.0] AndroidManifest.xml:17:1-29:12
MERGED from [androidx.appcompat:appcompat-resources:1.6.1] AndroidManifest.xml:17:1-22:12
MERGED from [androidx.appcompat:appcompat:1.6.1] AndroidManifest.xml:17:1-22:12
MERGED from [com.google.android.gms:play-services-base:18.4.0] AndroidManifest.xml:16:1-24:12
MERGED from [com.github.bumptech.glide:glide:4.14.2] AndroidManifest.xml:2:1-11:12
MERGED from [androidx.viewpager2:viewpager2:1.0.0] AndroidManifest.xml:17:1-24:12
MERGED from [com.google.android.gms:play-services-tasks:18.1.0] AndroidManifest.xml:2:1-6:12
MERGED from [com.google.android.gms:play-services-basement:18.3.0] AndroidManifest.xml:16:1-26:12
MERGED from [androidx.fragment:fragment:1.6.2] AndroidManifest.xml:17:1-22:12
MERGED from [androidx.fragment:fragment-ktx:1.6.2] AndroidManifest.xml:17:1-22:12
MERGED from [androidx.navigation:navigation-runtime-ktx:2.5.2] AndroidManifest.xml:17:1-24:12
MERGED from [androidx.navigation:navigation-runtime:2.5.2] AndroidManifest.xml:17:1-24:12
MERGED from [androidx.activity:activity-ktx:1.7.2] AndroidManifest.xml:17:1-22:12
MERGED from [androidx.activity:activity:1.7.2] AndroidManifest.xml:17:1-22:12
MERGED from [androidx.dynamicanimation:dynamicanimation:1.0.0] AndroidManifest.xml:17:1-22:12
MERGED from [androidx.legacy:legacy-support-core-utils:1.0.0] AndroidManifest.xml:17:1-22:12
MERGED from [androidx.loader:loader:1.0.0] AndroidManifest.xml:17:1-22:12
MERGED from [androidx.emoji2:emoji2-views-helper:1.2.0] AndroidManifest.xml:2:1-7:12
MERGED from [androidx.emoji2:emoji2:1.2.0] AndroidManifest.xml:17:1-35:12
MERGED from [androidx.navigation:navigation-common-ktx:2.5.2] AndroidManifest.xml:17:1-24:12
MERGED from [androidx.navigation:navigation-common:2.5.2] AndroidManifest.xml:17:1-24:12
MERGED from [androidx.savedstate:savedstate-ktx:1.2.1] AndroidManifest.xml:17:1-22:12
MERGED from [androidx.savedstate:savedstate:1.2.1] AndroidManifest.xml:17:1-22:12
MERGED from [androidx.lifecycle:lifecycle-runtime-ktx:2.6.1] AndroidManifest.xml:17:1-22:12
MERGED from [androidx.lifecycle:lifecycle-process:2.6.1] AndroidManifest.xml:17:1-35:12
MERGED from [androidx.lifecycle:lifecycle-livedata-ktx:2.6.1] AndroidManifest.xml:17:1-22:12
MERGED from [androidx.lifecycle:lifecycle-livedata:2.6.1] AndroidManifest.xml:17:1-22:12
MERGED from [androidx.lifecycle:lifecycle-viewmodel:2.6.1] AndroidManifest.xml:17:1-22:12
MERGED from [androidx.lifecycle:lifecycle-viewmodel-savedstate:2.6.1] AndroidManifest.xml:17:1-22:12
MERGED from [androidx.core:core-ktx:1.9.0] AndroidManifest.xml:2:1-7:12
MERGED from [androidx.drawerlayout:drawerlayout:1.1.1] AndroidManifest.xml:17:1-24:12
MERGED from [androidx.coordinatorlayout:coordinatorlayout:1.1.0] AndroidManifest.xml:17:1-24:12
MERGED from [androidx.vectordrawable:vectordrawable-animated:1.1.0] AndroidManifest.xml:17:1-24:12
MERGED from [androidx.vectordrawable:vectordrawable:1.1.0] AndroidManifest.xml:17:1-24:12
MERGED from [androidx.recyclerview:recyclerview:1.1.0] AndroidManifest.xml:17:1-24:12
MERGED from [androidx.slidingpanelayout:slidingpanelayout:1.2.0] AndroidManifest.xml:17:1-24:12
MERGED from [androidx.viewpager:viewpager:1.0.0] AndroidManifest.xml:17:1-22:12
MERGED from [androidx.customview:customview:1.1.0] AndroidManifest.xml:17:1-24:12
MERGED from [androidx.transition:transition:1.4.1] AndroidManifest.xml:17:1-24:12
MERGED from [androidx.window:window:1.0.0] AndroidManifest.xml:17:1-33:12
MERGED from [androidx.core:core:1.9.0] AndroidManifest.xml:17:1-30:12
MERGED from [androidx.lifecycle:lifecycle-runtime:2.6.1] AndroidManifest.xml:2:1-7:12
MERGED from [androidx.lifecycle:lifecycle-livedata-core:2.6.1] AndroidManifest.xml:17:1-22:12
MERGED from [androidx.lifecycle:lifecycle-livedata-core-ktx:2.6.1] AndroidManifest.xml:17:1-22:12
MERGED from [androidx.lifecycle:lifecycle-viewmodel-ktx:2.6.1] AndroidManifest.xml:17:1-22:12
MERGED from [androidx.cursoradapter:cursoradapter:1.0.0] AndroidManifest.xml:17:1-22:12
MERGED from [androidx.cardview:cardview:1.0.0] AndroidManifest.xml:17:1-22:12
MERGED from [com.github.bumptech.glide:gifdecoder:4.14.2] AndroidManifest.xml:2:1-11:12
MERGED from [androidx.exifinterface:exifinterface:1.3.3] AndroidManifest.xml:17:1-24:12
MERGED from [androidx.profileinstaller:profileinstaller:1.3.0] AndroidManifest.xml:17:1-55:12
MERGED from [androidx.startup:startup-runtime:1.1.1] AndroidManifest.xml:17:1-33:12
MERGED from [androidx.tracing:tracing:1.0.0] AndroidManifest.xml:17:1-24:12
MERGED from [androidx.versionedparcelable:versionedparcelable:1.1.1] AndroidManifest.xml:17:1-27:12
MERGED from [androidx.interpolator:interpolator:1.0.0] AndroidManifest.xml:17:1-22:12
MERGED from [androidx.documentfile:documentfile:1.0.0] AndroidManifest.xml:17:1-22:12
MERGED from [androidx.localbroadcastmanager:localbroadcastmanager:1.0.0] AndroidManifest.xml:17:1-22:12
MERGED from [androidx.print:print:1.0.0] AndroidManifest.xml:17:1-22:12
MERGED from [androidx.arch.core:core-runtime:2.2.0] AndroidManifest.xml:17:1-22:12
MERGED from [androidx.annotation:annotation-experimental:1.3.0] AndroidManifest.xml:17:1-22:12
INJECTED from src\main\AndroidManifest.xml:2:1-60:12
INJECTED from src\main\AndroidManifest.xml:2:1-60:12
INJECTED from src\main\AndroidManifest.xml:2:1-60:12
	package
		INJECTED from src\main\AndroidManifest.xml
		ADDED from src\main\AndroidManifest.xml:2:1-60:12
		INJECTED from src\main\AndroidManifest.xml
	android:versionName
		INJECTED from src\main\AndroidManifest.xml
		ADDED from src\main\AndroidManifest.xml:2:1-60:12
		INJECTED from src\main\AndroidManifest.xml
	xmlns:tools
		ADDED from src\main\AndroidManifest.xml:3:5-51
	android:versionCode
		INJECTED from src\main\AndroidManifest.xml
		ADDED from src\main\AndroidManifest.xml:2:1-60:12
		INJECTED from src\main\AndroidManifest.xml
	xmlns:android
		ADDED from src\main\AndroidManifest.xml:2:11-69
uses-permission#android.permission.INTERNET
ADDED from src\main\AndroidManifest.xml:4:5-67
MERGED from [circle.programmablewallet:sdk:1.0.873] AndroidManifest.xml:10:5-67
MERGED from [circle.programmablewallet:sdk:1.0.873] AndroidManifest.xml:10:5-67
	android:name
		ADDED from src\main\AndroidManifest.xml:4:22-64
application
ADDED from src\main\AndroidManifest.xml:5:5-58:19
MERGED from [circle.programmablewallet:sdk:1.0.873] AndroidManifest.xml:13:5-22:19
MERGED from [circle.programmablewallet:sdk:1.0.873] AndroidManifest.xml:13:5-22:19
MERGED from [com.google.android.material:material:1.5.0] AndroidManifest.xml:22:5-20
MERGED from [com.google.android.material:material:1.5.0] AndroidManifest.xml:22:5-20
MERGED from [androidx.constraintlayout:constraintlayout:2.1.4] AndroidManifest.xml:9:5-20
MERGED from [androidx.constraintlayout:constraintlayout:2.1.4] AndroidManifest.xml:9:5-20
MERGED from [com.google.android.gms:play-services-base:18.4.0] AndroidManifest.xml:19:5-23:19
MERGED from [com.google.android.gms:play-services-base:18.4.0] AndroidManifest.xml:19:5-23:19
MERGED from [com.github.bumptech.glide:glide:4.14.2] AndroidManifest.xml:9:5-20
MERGED from [com.github.bumptech.glide:glide:4.14.2] AndroidManifest.xml:9:5-20
MERGED from [com.google.android.gms:play-services-tasks:18.1.0] AndroidManifest.xml:5:5-20
MERGED from [com.google.android.gms:play-services-tasks:18.1.0] AndroidManifest.xml:5:5-20
MERGED from [com.google.android.gms:play-services-basement:18.3.0] AndroidManifest.xml:20:5-24:19
MERGED from [com.google.android.gms:play-services-basement:18.3.0] AndroidManifest.xml:20:5-24:19
MERGED from [androidx.emoji2:emoji2:1.2.0] AndroidManifest.xml:23:5-33:19
MERGED from [androidx.emoji2:emoji2:1.2.0] AndroidManifest.xml:23:5-33:19
MERGED from [androidx.lifecycle:lifecycle-process:2.6.1] AndroidManifest.xml:23:5-33:19
MERGED from [androidx.lifecycle:lifecycle-process:2.6.1] AndroidManifest.xml:23:5-33:19
MERGED from [androidx.window:window:1.0.0] AndroidManifest.xml:24:5-31:19
MERGED from [androidx.window:window:1.0.0] AndroidManifest.xml:24:5-31:19
MERGED from [androidx.core:core:1.9.0] AndroidManifest.xml:28:5-89
MERGED from [androidx.core:core:1.9.0] AndroidManifest.xml:28:5-89
MERGED from [com.github.bumptech.glide:gifdecoder:4.14.2] AndroidManifest.xml:9:5-20
MERGED from [com.github.bumptech.glide:gifdecoder:4.14.2] AndroidManifest.xml:9:5-20
MERGED from [androidx.profileinstaller:profileinstaller:1.3.0] AndroidManifest.xml:23:5-53:19
MERGED from [androidx.profileinstaller:profileinstaller:1.3.0] AndroidManifest.xml:23:5-53:19
MERGED from [androidx.startup:startup-runtime:1.1.1] AndroidManifest.xml:25:5-31:19
MERGED from [androidx.startup:startup-runtime:1.1.1] AndroidManifest.xml:25:5-31:19
MERGED from [androidx.versionedparcelable:versionedparcelable:1.1.1] AndroidManifest.xml:24:5-25:19
MERGED from [androidx.versionedparcelable:versionedparcelable:1.1.1] AndroidManifest.xml:24:5-25:19
	android:appComponentFactory
		ADDED from [androidx.core:core:1.9.0] AndroidManifest.xml:28:18-86
	android:supportsRtl
		ADDED from src\main\AndroidManifest.xml:13:9-35
	android:label
		ADDED from src\main\AndroidManifest.xml:11:9-41
	android:fullBackupContent
		ADDED from src\main\AndroidManifest.xml:9:9-54
	android:roundIcon
		ADDED from src\main\AndroidManifest.xml:12:9-54
	tools:targetApi
		ADDED from src\main\AndroidManifest.xml:15:9-29
	android:icon
		ADDED from src\main\AndroidManifest.xml:10:9-43
	android:allowBackup
		ADDED from src\main\AndroidManifest.xml:6:9-36
	android:theme
		ADDED from src\main\AndroidManifest.xml:14:9-53
	android:dataExtractionRules
		ADDED from src\main\AndroidManifest.xml:8:9-65
	android:taskAffinity
		ADDED from src\main\AndroidManifest.xml:7:9-32
activity#com.circle.w3s.sample.wallet.WalletCreationActivity
ADDED from src\main\AndroidManifest.xml:16:9-24:20
	android:exported
		ADDED from src\main\AndroidManifest.xml:18:13-36
	android:name
		ADDED from src\main\AndroidManifest.xml:17:13-51
intent-filter#action:name:android.intent.action.MAIN+category:name:android.intent.category.LAUNCHER
ADDED from src\main\AndroidManifest.xml:19:13-23:29
action#android.intent.action.MAIN
ADDED from src\main\AndroidManifest.xml:20:17-69
	android:name
		ADDED from src\main\AndroidManifest.xml:20:25-66
category#android.intent.category.LAUNCHER
ADDED from src\main\AndroidManifest.xml:22:17-77
	android:name
		ADDED from src\main\AndroidManifest.xml:22:27-74
activity#com.circle.w3s.sample.wallet.MainActivity
ADDED from src\main\AndroidManifest.xml:25:9-28:20
	android:exported
		ADDED from src\main\AndroidManifest.xml:27:13-36
	android:name
		ADDED from src\main\AndroidManifest.xml:26:13-41
activity#com.circle.w3s.sample.wallet.CustomActivity
ADDED from src\main\AndroidManifest.xml:29:9-31:52
	android:screenOrientation
		ADDED from src\main\AndroidManifest.xml:31:13-49
	android:name
		ADDED from src\main\AndroidManifest.xml:30:13-43
activity#com.circle.w3s.sample.wallet.AcquireSessionTokenActivity
ADDED from src\main\AndroidManifest.xml:32:9-35:20
	android:exported
		ADDED from src\main\AndroidManifest.xml:34:13-36
	android:name
		ADDED from src\main\AndroidManifest.xml:33:13-56
activity#com.circle.w3s.sample.wallet.InitialiseUserWalletActivity
ADDED from src\main\AndroidManifest.xml:36:9-39:20
	android:exported
		ADDED from src\main\AndroidManifest.xml:38:13-36
	android:name
		ADDED from src\main\AndroidManifest.xml:37:13-57
activity#com.circle.w3s.sample.wallet.HomePageActivity
ADDED from src\main\AndroidManifest.xml:40:9-43:20
	android:exported
		ADDED from src\main\AndroidManifest.xml:42:13-36
	android:name
		ADDED from src\main\AndroidManifest.xml:41:13-45
activity#com.circle.w3s.sample.wallet.AcquireSessionTokenExistingUser
ADDED from src\main\AndroidManifest.xml:44:9-47:20
	android:exported
		ADDED from src\main\AndroidManifest.xml:46:13-36
	android:name
		ADDED from src\main\AndroidManifest.xml:45:13-60
activity#com.circle.w3s.sample.wallet.SendTokenActivity
ADDED from src\main\AndroidManifest.xml:48:9-51:20
	android:exported
		ADDED from src\main\AndroidManifest.xml:50:13-36
	android:name
		ADDED from src\main\AndroidManifest.xml:49:13-46
activity#com.circle.w3s.sample.wallet.TransactionsActivity
ADDED from src\main\AndroidManifest.xml:52:9-55:20
	android:exported
		ADDED from src\main\AndroidManifest.xml:54:13-36
	android:name
		ADDED from src\main\AndroidManifest.xml:53:13-49
uses-sdk
INJECTED from src\main\AndroidManifest.xml reason: use-sdk injection requested
INJECTED from src\main\AndroidManifest.xml
INJECTED from src\main\AndroidManifest.xml
MERGED from [circle.programmablewallet:sdk:1.0.873] AndroidManifest.xml:6:5-8:41
MERGED from [circle.programmablewallet:sdk:1.0.873] AndroidManifest.xml:6:5-8:41
MERGED from [androidx.databinding:viewbinding:8.0.2] AndroidManifest.xml:5:5-44
MERGED from [androidx.databinding:viewbinding:8.0.2] AndroidManifest.xml:5:5-44
MERGED from [androidx.navigation:navigation-fragment-ktx:2.5.2] AndroidManifest.xml:20:5-22:41
MERGED from [androidx.navigation:navigation-fragment-ktx:2.5.2] AndroidManifest.xml:20:5-22:41
MERGED from [androidx.navigation:navigation-fragment:2.5.2] AndroidManifest.xml:20:5-22:41
MERGED from [androidx.navigation:navigation-fragment:2.5.2] AndroidManifest.xml:20:5-22:41
MERGED from [androidx.navigation:navigation-ui-ktx:2.5.2] AndroidManifest.xml:20:5-22:41
MERGED from [androidx.navigation:navigation-ui-ktx:2.5.2] AndroidManifest.xml:20:5-22:41
MERGED from [androidx.navigation:navigation-ui:2.5.2] AndroidManifest.xml:20:5-22:41
MERGED from [androidx.navigation:navigation-ui:2.5.2] AndroidManifest.xml:20:5-22:41
MERGED from [com.google.android.material:material:1.5.0] AndroidManifest.xml:20:5-44
MERGED from [com.google.android.material:material:1.5.0] AndroidManifest.xml:20:5-44
MERGED from [androidx.constraintlayout:constraintlayout:2.1.4] AndroidManifest.xml:5:5-7:41
MERGED from [androidx.constraintlayout:constraintlayout:2.1.4] AndroidManifest.xml:5:5-7:41
MERGED from [androidx.biometric:biometric:1.1.0] AndroidManifest.xml:20:5-22:41
MERGED from [androidx.biometric:biometric:1.1.0] AndroidManifest.xml:20:5-22:41
MERGED from [androidx.appcompat:appcompat-resources:1.6.1] AndroidManifest.xml:20:5-44
MERGED from [androidx.appcompat:appcompat-resources:1.6.1] AndroidManifest.xml:20:5-44
MERGED from [androidx.appcompat:appcompat:1.6.1] AndroidManifest.xml:20:5-44
MERGED from [androidx.appcompat:appcompat:1.6.1] AndroidManifest.xml:20:5-44
MERGED from [com.google.android.gms:play-services-base:18.4.0] AndroidManifest.xml:18:5-43
MERGED from [com.google.android.gms:play-services-base:18.4.0] AndroidManifest.xml:18:5-43
MERGED from [com.github.bumptech.glide:glide:4.14.2] AndroidManifest.xml:5:5-7:41
MERGED from [com.github.bumptech.glide:glide:4.14.2] AndroidManifest.xml:5:5-7:41
MERGED from [androidx.viewpager2:viewpager2:1.0.0] AndroidManifest.xml:20:5-22:41
MERGED from [androidx.viewpager2:viewpager2:1.0.0] AndroidManifest.xml:20:5-22:41
MERGED from [com.google.android.gms:play-services-tasks:18.1.0] AndroidManifest.xml:4:5-43
MERGED from [com.google.android.gms:play-services-tasks:18.1.0] AndroidManifest.xml:4:5-43
MERGED from [com.google.android.gms:play-services-basement:18.3.0] AndroidManifest.xml:18:5-43
MERGED from [com.google.android.gms:play-services-basement:18.3.0] AndroidManifest.xml:18:5-43
MERGED from [androidx.fragment:fragment:1.6.2] AndroidManifest.xml:20:5-44
MERGED from [androidx.fragment:fragment:1.6.2] AndroidManifest.xml:20:5-44
MERGED from [androidx.fragment:fragment-ktx:1.6.2] AndroidManifest.xml:20:5-44
MERGED from [androidx.fragment:fragment-ktx:1.6.2] AndroidManifest.xml:20:5-44
MERGED from [androidx.navigation:navigation-runtime-ktx:2.5.2] AndroidManifest.xml:20:5-22:41
MERGED from [androidx.navigation:navigation-runtime-ktx:2.5.2] AndroidManifest.xml:20:5-22:41
MERGED from [androidx.navigation:navigation-runtime:2.5.2] AndroidManifest.xml:20:5-22:41
MERGED from [androidx.navigation:navigation-runtime:2.5.2] AndroidManifest.xml:20:5-22:41
MERGED from [androidx.activity:activity-ktx:1.7.2] AndroidManifest.xml:20:5-44
MERGED from [androidx.activity:activity-ktx:1.7.2] AndroidManifest.xml:20:5-44
MERGED from [androidx.activity:activity:1.7.2] AndroidManifest.xml:20:5-44
MERGED from [androidx.activity:activity:1.7.2] AndroidManifest.xml:20:5-44
MERGED from [androidx.dynamicanimation:dynamicanimation:1.0.0] AndroidManifest.xml:20:5-44
MERGED from [androidx.dynamicanimation:dynamicanimation:1.0.0] AndroidManifest.xml:20:5-44
MERGED from [androidx.legacy:legacy-support-core-utils:1.0.0] AndroidManifest.xml:20:5-44
MERGED from [androidx.legacy:legacy-support-core-utils:1.0.0] AndroidManifest.xml:20:5-44
MERGED from [androidx.loader:loader:1.0.0] AndroidManifest.xml:20:5-44
MERGED from [androidx.loader:loader:1.0.0] AndroidManifest.xml:20:5-44
MERGED from [androidx.emoji2:emoji2-views-helper:1.2.0] AndroidManifest.xml:5:5-44
MERGED from [androidx.emoji2:emoji2-views-helper:1.2.0] AndroidManifest.xml:5:5-44
MERGED from [androidx.emoji2:emoji2:1.2.0] AndroidManifest.xml:21:5-44
MERGED from [androidx.emoji2:emoji2:1.2.0] AndroidManifest.xml:21:5-44
MERGED from [androidx.navigation:navigation-common-ktx:2.5.2] AndroidManifest.xml:20:5-22:41
MERGED from [androidx.navigation:navigation-common-ktx:2.5.2] AndroidManifest.xml:20:5-22:41
MERGED from [androidx.navigation:navigation-common:2.5.2] AndroidManifest.xml:20:5-22:41
MERGED from [androidx.navigation:navigation-common:2.5.2] AndroidManifest.xml:20:5-22:41
MERGED from [androidx.savedstate:savedstate-ktx:1.2.1] AndroidManifest.xml:20:5-44
MERGED from [androidx.savedstate:savedstate-ktx:1.2.1] AndroidManifest.xml:20:5-44
MERGED from [androidx.savedstate:savedstate:1.2.1] AndroidManifest.xml:20:5-44
MERGED from [androidx.savedstate:savedstate:1.2.1] AndroidManifest.xml:20:5-44
MERGED from [androidx.lifecycle:lifecycle-runtime-ktx:2.6.1] AndroidManifest.xml:20:5-44
MERGED from [androidx.lifecycle:lifecycle-runtime-ktx:2.6.1] AndroidManifest.xml:20:5-44
MERGED from [androidx.lifecycle:lifecycle-process:2.6.1] AndroidManifest.xml:21:5-44
MERGED from [androidx.lifecycle:lifecycle-process:2.6.1] AndroidManifest.xml:21:5-44
MERGED from [androidx.lifecycle:lifecycle-livedata-ktx:2.6.1] AndroidManifest.xml:20:5-44
MERGED from [androidx.lifecycle:lifecycle-livedata-ktx:2.6.1] AndroidManifest.xml:20:5-44
MERGED from [androidx.lifecycle:lifecycle-livedata:2.6.1] AndroidManifest.xml:20:5-44
MERGED from [androidx.lifecycle:lifecycle-livedata:2.6.1] AndroidManifest.xml:20:5-44
MERGED from [androidx.lifecycle:lifecycle-viewmodel:2.6.1] AndroidManifest.xml:20:5-44
MERGED from [androidx.lifecycle:lifecycle-viewmodel:2.6.1] AndroidManifest.xml:20:5-44
MERGED from [androidx.lifecycle:lifecycle-viewmodel-savedstate:2.6.1] AndroidManifest.xml:20:5-44
MERGED from [androidx.lifecycle:lifecycle-viewmodel-savedstate:2.6.1] AndroidManifest.xml:20:5-44
MERGED from [androidx.core:core-ktx:1.9.0] AndroidManifest.xml:5:5-44
MERGED from [androidx.core:core-ktx:1.9.0] AndroidManifest.xml:5:5-44
MERGED from [androidx.drawerlayout:drawerlayout:1.1.1] AndroidManifest.xml:20:5-22:41
MERGED from [androidx.drawerlayout:drawerlayout:1.1.1] AndroidManifest.xml:20:5-22:41
MERGED from [androidx.coordinatorlayout:coordinatorlayout:1.1.0] AndroidManifest.xml:20:5-22:41
MERGED from [androidx.coordinatorlayout:coordinatorlayout:1.1.0] AndroidManifest.xml:20:5-22:41
MERGED from [androidx.vectordrawable:vectordrawable-animated:1.1.0] AndroidManifest.xml:20:5-22:41
MERGED from [androidx.vectordrawable:vectordrawable-animated:1.1.0] AndroidManifest.xml:20:5-22:41
MERGED from [androidx.vectordrawable:vectordrawable:1.1.0] AndroidManifest.xml:20:5-22:41
MERGED from [androidx.vectordrawable:vectordrawable:1.1.0] AndroidManifest.xml:20:5-22:41
MERGED from [androidx.recyclerview:recyclerview:1.1.0] AndroidManifest.xml:20:5-22:41
MERGED from [androidx.recyclerview:recyclerview:1.1.0] AndroidManifest.xml:20:5-22:41
MERGED from [androidx.slidingpanelayout:slidingpanelayout:1.2.0] AndroidManifest.xml:20:5-22:41
MERGED from [androidx.slidingpanelayout:slidingpanelayout:1.2.0] AndroidManifest.xml:20:5-22:41
MERGED from [androidx.viewpager:viewpager:1.0.0] AndroidManifest.xml:20:5-44
MERGED from [androidx.viewpager:viewpager:1.0.0] AndroidManifest.xml:20:5-44
MERGED from [androidx.customview:customview:1.1.0] AndroidManifest.xml:20:5-22:41
MERGED from [androidx.customview:customview:1.1.0] AndroidManifest.xml:20:5-22:41
MERGED from [androidx.transition:transition:1.4.1] AndroidManifest.xml:20:5-22:41
MERGED from [androidx.transition:transition:1.4.1] AndroidManifest.xml:20:5-22:41
MERGED from [androidx.window:window:1.0.0] AndroidManifest.xml:20:5-22:41
MERGED from [androidx.window:window:1.0.0] AndroidManifest.xml:20:5-22:41
MERGED from [androidx.core:core:1.9.0] AndroidManifest.xml:20:5-44
MERGED from [androidx.core:core:1.9.0] AndroidManifest.xml:20:5-44
MERGED from [androidx.lifecycle:lifecycle-runtime:2.6.1] AndroidManifest.xml:5:5-44
MERGED from [androidx.lifecycle:lifecycle-runtime:2.6.1] AndroidManifest.xml:5:5-44
MERGED from [androidx.lifecycle:lifecycle-livedata-core:2.6.1] AndroidManifest.xml:20:5-44
MERGED from [androidx.lifecycle:lifecycle-livedata-core:2.6.1] AndroidManifest.xml:20:5-44
MERGED from [androidx.lifecycle:lifecycle-livedata-core-ktx:2.6.1] AndroidManifest.xml:20:5-44
MERGED from [androidx.lifecycle:lifecycle-livedata-core-ktx:2.6.1] AndroidManifest.xml:20:5-44
MERGED from [androidx.lifecycle:lifecycle-viewmodel-ktx:2.6.1] AndroidManifest.xml:20:5-44
MERGED from [androidx.lifecycle:lifecycle-viewmodel-ktx:2.6.1] AndroidManifest.xml:20:5-44
MERGED from [androidx.cursoradapter:cursoradapter:1.0.0] AndroidManifest.xml:20:5-44
MERGED from [androidx.cursoradapter:cursoradapter:1.0.0] AndroidManifest.xml:20:5-44
MERGED from [androidx.cardview:cardview:1.0.0] AndroidManifest.xml:20:5-44
MERGED from [androidx.cardview:cardview:1.0.0] AndroidManifest.xml:20:5-44
MERGED from [com.github.bumptech.glide:gifdecoder:4.14.2] AndroidManifest.xml:5:5-7:41
MERGED from [com.github.bumptech.glide:gifdecoder:4.14.2] AndroidManifest.xml:5:5-7:41
MERGED from [androidx.exifinterface:exifinterface:1.3.3] AndroidManifest.xml:20:5-22:41
MERGED from [androidx.exifinterface:exifinterface:1.3.3] AndroidManifest.xml:20:5-22:41
MERGED from [androidx.profileinstaller:profileinstaller:1.3.0] AndroidManifest.xml:21:5-44
MERGED from [androidx.profileinstaller:profileinstaller:1.3.0] AndroidManifest.xml:21:5-44
MERGED from [androidx.startup:startup-runtime:1.1.1] AndroidManifest.xml:21:5-23:41
MERGED from [androidx.startup:startup-runtime:1.1.1] AndroidManifest.xml:21:5-23:41
MERGED from [androidx.tracing:tracing:1.0.0] AndroidManifest.xml:20:5-22:41
MERGED from [androidx.tracing:tracing:1.0.0] AndroidManifest.xml:20:5-22:41
MERGED from [androidx.versionedparcelable:versionedparcelable:1.1.1] AndroidManifest.xml:20:5-22:41
MERGED from [androidx.versionedparcelable:versionedparcelable:1.1.1] AndroidManifest.xml:20:5-22:41
MERGED from [androidx.interpolator:interpolator:1.0.0] AndroidManifest.xml:20:5-44
MERGED from [androidx.interpolator:interpolator:1.0.0] AndroidManifest.xml:20:5-44
MERGED from [androidx.documentfile:documentfile:1.0.0] AndroidManifest.xml:20:5-44
MERGED from [androidx.documentfile:documentfile:1.0.0] AndroidManifest.xml:20:5-44
MERGED from [androidx.localbroadcastmanager:localbroadcastmanager:1.0.0] AndroidManifest.xml:20:5-44
MERGED from [androidx.localbroadcastmanager:localbroadcastmanager:1.0.0] AndroidManifest.xml:20:5-44
MERGED from [androidx.print:print:1.0.0] AndroidManifest.xml:20:5-44
MERGED from [androidx.print:print:1.0.0] AndroidManifest.xml:20:5-44
MERGED from [androidx.arch.core:core-runtime:2.2.0] AndroidManifest.xml:20:5-44
MERGED from [androidx.arch.core:core-runtime:2.2.0] AndroidManifest.xml:20:5-44
MERGED from [androidx.annotation:annotation-experimental:1.3.0] AndroidManifest.xml:20:5-44
MERGED from [androidx.annotation:annotation-experimental:1.3.0] AndroidManifest.xml:20:5-44
INJECTED from src\main\AndroidManifest.xml
INJECTED from src\main\AndroidManifest.xml
	android:targetSdkVersion
		INJECTED from src\main\AndroidManifest.xml
		ADDED from src\main\AndroidManifest.xml
		INJECTED from src\main\AndroidManifest.xml
	android:minSdkVersion
		INJECTED from src\main\AndroidManifest.xml
		ADDED from src\main\AndroidManifest.xml
		INJECTED from src\main\AndroidManifest.xml
uses-permission#android.permission.REORDER_TASKS
ADDED from [circle.programmablewallet:sdk:1.0.873] AndroidManifest.xml:11:5-72
	android:name
		ADDED from [circle.programmablewallet:sdk:1.0.873] AndroidManifest.xml:11:22-69
activity#circle.programmablewallet.sdk.internal.presentation.ui.PWalletAppActivity
ADDED from [circle.programmablewallet:sdk:1.0.873] AndroidManifest.xml:14:9-21:20
	android:screenOrientation
		ADDED from [circle.programmablewallet:sdk:1.0.873] AndroidManifest.xml:17:13-49
	android:excludeFromRecents
		ADDED from [circle.programmablewallet:sdk:1.0.873] AndroidManifest.xml:16:13-46
	android:windowSoftInputMode
		ADDED from [circle.programmablewallet:sdk:1.0.873] AndroidManifest.xml:19:13-52
	tools:ignore
		ADDED from [circle.programmablewallet:sdk:1.0.873] AndroidManifest.xml:20:13-53
	android:taskAffinity
		ADDED from [circle.programmablewallet:sdk:1.0.873] AndroidManifest.xml:18:13-36
	android:name
		ADDED from [circle.programmablewallet:sdk:1.0.873] AndroidManifest.xml:15:13-101
uses-permission#android.permission.USE_BIOMETRIC
ADDED from [androidx.biometric:biometric:1.1.0] AndroidManifest.xml:24:5-72
	android:name
		ADDED from [androidx.biometric:biometric:1.1.0] AndroidManifest.xml:24:22-69
uses-permission#android.permission.USE_FINGERPRINT
ADDED from [androidx.biometric:biometric:1.1.0] AndroidManifest.xml:27:5-74
	android:name
		ADDED from [androidx.biometric:biometric:1.1.0] AndroidManifest.xml:27:22-71
activity#com.google.android.gms.common.api.GoogleApiActivity
ADDED from [com.google.android.gms:play-services-base:18.4.0] AndroidManifest.xml:20:9-22:45
	android:exported
		ADDED from [com.google.android.gms:play-services-base:18.4.0] AndroidManifest.xml:22:19-43
	android:theme
		ADDED from [com.google.android.gms:play-services-base:18.4.0] AndroidManifest.xml:21:19-78
	android:name
		ADDED from [com.google.android.gms:play-services-base:18.4.0] AndroidManifest.xml:20:19-85
meta-data#com.google.android.gms.version
ADDED from [com.google.android.gms:play-services-basement:18.3.0] AndroidManifest.xml:21:9-23:69
	android:value
		ADDED from [com.google.android.gms:play-services-basement:18.3.0] AndroidManifest.xml:23:13-66
	android:name
		ADDED from [com.google.android.gms:play-services-basement:18.3.0] AndroidManifest.xml:22:13-58
provider#androidx.startup.InitializationProvider
ADDED from [androidx.emoji2:emoji2:1.2.0] AndroidManifest.xml:24:9-32:20
MERGED from [androidx.lifecycle:lifecycle-process:2.6.1] AndroidManifest.xml:24:9-32:20
MERGED from [androidx.lifecycle:lifecycle-process:2.6.1] AndroidManifest.xml:24:9-32:20
MERGED from [androidx.profileinstaller:profileinstaller:1.3.0] AndroidManifest.xml:24:9-32:20
MERGED from [androidx.profileinstaller:profileinstaller:1.3.0] AndroidManifest.xml:24:9-32:20
MERGED from [androidx.startup:startup-runtime:1.1.1] AndroidManifest.xml:26:9-30:34
MERGED from [androidx.startup:startup-runtime:1.1.1] AndroidManifest.xml:26:9-30:34
	tools:node
		ADDED from [androidx.emoji2:emoji2:1.2.0] AndroidManifest.xml:28:13-31
	android:authorities
		ADDED from [androidx.emoji2:emoji2:1.2.0] AndroidManifest.xml:26:13-68
	android:exported
		ADDED from [androidx.emoji2:emoji2:1.2.0] AndroidManifest.xml:27:13-37
	android:name
		ADDED from [androidx.emoji2:emoji2:1.2.0] AndroidManifest.xml:25:13-67
meta-data#androidx.emoji2.text.EmojiCompatInitializer
ADDED from [androidx.emoji2:emoji2:1.2.0] AndroidManifest.xml:29:13-31:52
	android:value
		ADDED from [androidx.emoji2:emoji2:1.2.0] AndroidManifest.xml:31:17-49
	android:name
		ADDED from [androidx.emoji2:emoji2:1.2.0] AndroidManifest.xml:30:17-75
meta-data#androidx.lifecycle.ProcessLifecycleInitializer
ADDED from [androidx.lifecycle:lifecycle-process:2.6.1] AndroidManifest.xml:29:13-31:52
	android:value
		ADDED from [androidx.lifecycle:lifecycle-process:2.6.1] AndroidManifest.xml:31:17-49
	android:name
		ADDED from [androidx.lifecycle:lifecycle-process:2.6.1] AndroidManifest.xml:30:17-78
uses-library#androidx.window.extensions
ADDED from [androidx.window:window:1.0.0] AndroidManifest.xml:25:9-27:40
	android:required
		ADDED from [androidx.window:window:1.0.0] AndroidManifest.xml:27:13-37
	android:name
		ADDED from [androidx.window:window:1.0.0] AndroidManifest.xml:26:13-54
uses-library#androidx.window.sidecar
ADDED from [androidx.window:window:1.0.0] AndroidManifest.xml:28:9-30:40
	android:required
		ADDED from [androidx.window:window:1.0.0] AndroidManifest.xml:30:13-37
	android:name
		ADDED from [androidx.window:window:1.0.0] AndroidManifest.xml:29:13-51
permission#${applicationId}.DYNAMIC_RECEIVER_NOT_EXPORTED_PERMISSION
ADDED from [androidx.core:core:1.9.0] AndroidManifest.xml:22:5-24:47
	android:protectionLevel